<?xml version="1.0" encoding="UTF-8"?>
<!-- Generated by org.testng.reporters.JUnitXMLReporter -->
<testsuite hostname="DESKTOP-CSMSJ8J" ignored="8" name="InfoCabSnapperApp.com" tests="122" failures="1" timestamp="2021-01-04T23:04:49 PKT" time="1042.054" errors="0">
  <testcase name="Test_LoginPage_Allow_user_to_LoginWith_valid_credential_21" time="16.261" classname="com.InfoCabs.testcases.Book_6_Seater_TestCases_321_343"/>
  <testcase name="Test_LunchDriver_App_LunchNewDriver_App_151" time="5.963" classname="com.InfoCabs.testcases.Book_6_Seater_TestCases_321_343"/>
  <testcase name="Test_LunchDriver_IMEI_Alert_Notification_152" time="62.109" classname="com.InfoCabs.testcases.Book_6_Seater_TestCases_321_343">
    <failure type="org.openqa.selenium.NoSuchElementException" message="An element could not be located on the page using the given search parameters.
For documentation on this error, please visit: https://www.seleniumhq.org/exceptions/no_such_element.html
Build info: version: &amp;apos;3.141.59&amp;apos;, revision: &amp;apos;e82be7d358&amp;apos;, time: &amp;apos;2018-11-14T08:17:03&amp;apos;
System info: host: &amp;apos;DESKTOP-CSMSJ8J&amp;apos;, ip: &amp;apos;192.168.8.101&amp;apos;, os.name: &amp;apos;Windows 10&amp;apos;, os.arch: &amp;apos;amd64&amp;apos;, os.version: &amp;apos;10.0&amp;apos;, java.version: &amp;apos;1.8.0_261&amp;apos;
Driver info: io.appium.java_client.android.AndroidDriver
Capabilities {app: C:\Users\92336\git\InfoCabs..., appActivity: com.infosun.csandroidx.acti..., appPackage: com.infosun.csandroidx, autoAcceptAlerts: true, autoGrantPermissions: true, databaseEnabled: false, desired: {app: C:\Users\92336\git\InfoCabs..., appActivity: com.infosun.csandroidx.acti..., appPackage: com.infosun.csandroidx, autoAcceptAlerts: true, autoGrantPermissions: true, deviceName: Galaxy J7 Pro, newCommandTimeout: 60, platformName: android, platformVersion: 7, resetKeyboard: false, udid: 52006c45b4f164dd, unicodeKeyboard: false}, deviceApiLevel: 24, deviceManufacturer: samsung, deviceModel: SM-J730F, deviceName: 52006c45b4f164dd, deviceScreenDensity: 420, deviceScreenSize: 1080x1920, deviceUDID: 52006c45b4f164dd, javascriptEnabled: true, locationContextEnabled: false, networkConnectionEnabled: true, newCommandTimeout: 60, pixelRatio: 2.625, platform: LINUX, platformName: Android, platformVersion: 7.0, resetKeyboard: false, statBarHeight: 63, takesScreenshot: true, udid: 52006c45b4f164dd, unicodeKeyboard: false, viewportRect: {height: 1857, left: 0, top: 63, width: 1080}, warnings: {}, webStorageEnabled: false}
Session ID: 0fa3363e-016c-4e15-a192-15ed3225dd98
*** Element info: {Using=id, value=android:id/button1}">
      <![CDATA[org.openqa.selenium.NoSuchElementException: An element could not be located on the page using the given search parameters.
For documentation on this error, please visit: https://www.seleniumhq.org/exceptions/no_such_element.html
Build info: version: '3.141.59', revision: 'e82be7d358', time: '2018-11-14T08:17:03'
System info: host: 'DESKTOP-CSMSJ8J', ip: '192.168.8.101', os.name: 'Windows 10', os.arch: 'amd64', os.version: '10.0', java.version: '1.8.0_261'
Driver info: io.appium.java_client.android.AndroidDriver
Capabilities {app: C:\Users\92336\git\InfoCabs..., appActivity: com.infosun.csandroidx.acti..., appPackage: com.infosun.csandroidx, autoAcceptAlerts: true, autoGrantPermissions: true, databaseEnabled: false, desired: {app: C:\Users\92336\git\InfoCabs..., appActivity: com.infosun.csandroidx.acti..., appPackage: com.infosun.csandroidx, autoAcceptAlerts: true, autoGrantPermissions: true, deviceName: Galaxy J7 Pro, newCommandTimeout: 60, platformName: android, platformVersion: 7, resetKeyboard: false, udid: 52006c45b4f164dd, unicodeKeyboard: false}, deviceApiLevel: 24, deviceManufacturer: samsung, deviceModel: SM-J730F, deviceName: 52006c45b4f164dd, deviceScreenDensity: 420, deviceScreenSize: 1080x1920, deviceUDID: 52006c45b4f164dd, javascriptEnabled: true, locationContextEnabled: false, networkConnectionEnabled: true, newCommandTimeout: 60, pixelRatio: 2.625, platform: LINUX, platformName: Android, platformVersion: 7.0, resetKeyboard: false, statBarHeight: 63, takesScreenshot: true, udid: 52006c45b4f164dd, unicodeKeyboard: false, viewportRect: {height: 1857, left: 0, top: 63, width: 1080}, warnings: {}, webStorageEnabled: false}
Session ID: 0fa3363e-016c-4e15-a192-15ed3225dd98
*** Element info: {Using=id, value=android:id/button1}
at org.openqa.selenium.remote.http.W3CHttpResponseCodec.createException(W3CHttpResponseCodec.java:187)
at org.openqa.selenium.remote.http.W3CHttpResponseCodec.decode(W3CHttpResponseCodec.java:122)
at org.openqa.selenium.remote.http.W3CHttpResponseCodec.decode(W3CHttpResponseCodec.java:49)
at org.openqa.selenium.remote.HttpCommandExecutor.execute(HttpCommandExecutor.java:158)
at io.appium.java_client.remote.AppiumCommandExecutor.execute(AppiumCommandExecutor.java:239)
at org.openqa.selenium.remote.RemoteWebDriver.execute(RemoteWebDriver.java:552)
at io.appium.java_client.DefaultGenericMobileDriver.execute(DefaultGenericMobileDriver.java:41)
at io.appium.java_client.AppiumDriver.execute(AppiumDriver.java:1)
at io.appium.java_client.android.AndroidDriver.execute(AndroidDriver.java:1)
at org.openqa.selenium.remote.RemoteWebDriver.findElement(RemoteWebDriver.java:323)
at io.appium.java_client.DefaultGenericMobileDriver.findElement(DefaultGenericMobileDriver.java:61)
at io.appium.java_client.AppiumDriver.findElement(AppiumDriver.java:1)
at io.appium.java_client.android.AndroidDriver.findElement(AndroidDriver.java:1)
at org.openqa.selenium.remote.RemoteWebDriver.findElementById(RemoteWebDriver.java:372)
at io.appium.java_client.DefaultGenericMobileDriver.findElementById(DefaultGenericMobileDriver.java:69)
at io.appium.java_client.AppiumDriver.findElementById(AppiumDriver.java:1)
at io.appium.java_client.android.AndroidDriver.findElementById(AndroidDriver.java:1)
at org.openqa.selenium.By$ById.findElement(By.java:188)
at org.openqa.selenium.remote.RemoteWebDriver.findElement(RemoteWebDriver.java:315)
at io.appium.java_client.DefaultGenericMobileDriver.findElement(DefaultGenericMobileDriver.java:57)
at io.appium.java_client.AppiumDriver.findElement(AppiumDriver.java:1)
at io.appium.java_client.android.AndroidDriver.findElement(AndroidDriver.java:1)
at com.InfoCabs.testcases.Book_6_Seater_TestCases_321_343.Test_LunchDriver_IMEI_Alert_Notification_152(Book_6_Seater_TestCases_321_343.java:71)
at java.util.ArrayList.forEach(ArrayList.java:1259)
... Removed 31 stack frames]]>
    </failure>
  </testcase> <!-- Test_LunchDriver_IMEI_Alert_Notification_152 -->
  <testcase name="Test_LunchDriver_App_LogintoRiderApp_153" time="43.041" classname="com.InfoCabs.testcases.Book_6_Seater_TestCases_321_343"/>
  <testcase name="Test_LunchDriver_App_Backto_CustomerApp_155" time="8.934" classname="com.InfoCabs.testcases.Book_6_Seater_TestCases_321_343"/>
  <testcase name="Test_Book_6_Seater_EnterDropofAddress_Cab_321" time="10.106" classname="com.InfoCabs.testcases.Book_6_Seater_TestCases_321_343"/>
  <testcase name="Test_Book_6_Seater_ClickOnBookNow_Button_Cab_322" time="11.183" classname="com.InfoCabs.testcases.Book_6_Seater_TestCases_321_343"/>
  <testcase name="Test_Book_6_Seater_6_Seater_Text_arePresent_323" time="2.274" classname="com.InfoCabs.testcases.Book_6_Seater_TestCases_321_343"/>
  <testcase name="Test_Book_6_Seater_ClickOnBookNow_Button_Cab_324" time="9.666" classname="com.InfoCabs.testcases.Book_6_Seater_TestCases_321_343"/>
  <testcase name="Test_Book_6_Seater_Select_Cash_FromDrop_325" time="6.088" classname="com.InfoCabs.testcases.Book_6_Seater_TestCases_321_343"/>
  <testcase name="Test_Book_6_Seater_ClickOnBookConfirmButton_326" time="9.797" classname="com.InfoCabs.testcases.Book_6_Seater_TestCases_321_343"/>
  <testcase name="Test_Book_6_Seater_Push_CustomerApp_toBackground_and_start_RiderApp_327" time="5.775" classname="com.InfoCabs.testcases.Book_6_Seater_TestCases_321_343"/>
  <testcase name="Test_Book_6_Seater_AcceptCustomer_ride_328" time="9.309" classname="com.InfoCabs.testcases.Book_6_Seater_TestCases_321_343"/>
  <testcase name="Test_Book_6_Seater_Push_Rider_toBackground_and_start_CustomerApp_329" time="17.632" classname="com.InfoCabs.testcases.Book_6_Seater_TestCases_321_343"/>
  <testcase name="Test_Book_6_Seater_weHave_Sent_Text_arePresent_330" time="39.339" classname="com.InfoCabs.testcases.Book_6_Seater_TestCases_321_343"/>
  <testcase name="Test_Book_6_Seater_Push_CustomerApp_toBackground_and_start_RiderApp_331" time="13.56" classname="com.InfoCabs.testcases.Book_6_Seater_TestCases_321_343"/>
  <testcase name="Test_Book_6_Seater_ClickOnWait_ride_332" time="5.074" classname="com.InfoCabs.testcases.Book_6_Seater_TestCases_321_343"/>
  <testcase name="Test_Book_6_Seater_ClickOnPOB_Button_ride_333" time="5.823" classname="com.InfoCabs.testcases.Book_6_Seater_TestCases_321_343"/>
  <testcase name="Test_Book_6_Seater_Push_Rider_toBackground_and_start_CustomerApp_334" time="17.636" classname="com.InfoCabs.testcases.Book_6_Seater_TestCases_321_343"/>
  <testcase name="Test_Book_6_Seater_You_arein_yourway_Text_arePresent_335" time="23.529" classname="com.InfoCabs.testcases.Book_6_Seater_TestCases_321_343"/>
  <testcase name="Test_Book_6_Seater_CS_App_Push_CustomerApp_toBackground_and_start_RiderApp_336" time="9.537" classname="com.InfoCabs.testcases.Book_6_Seater_TestCases_321_343"/>
  <testcase name="Test_Book_6_Seater_ClickOnSTC_ride_337" time="4.452" classname="com.InfoCabs.testcases.Book_6_Seater_TestCases_321_343"/>
  <testcase name="Test_Book_6_Seater_ClickOn_Clear_ride_338" time="4.369" classname="com.InfoCabs.testcases.Book_6_Seater_TestCases_321_343"/>
  <testcase name="Test_Book_6_Seater_Push_Rider_toBackground_and_start_CustomerApp_339" time="6.917" classname="com.InfoCabs.testcases.Book_6_Seater_TestCases_321_343"/>
  <testcase name="Test_Book_6_Seater_Rate_your_ride_Text_arePresent_340" time="2.325" classname="com.InfoCabs.testcases.Book_6_Seater_TestCases_321_343"/>
  <testcase name="Test_BBook_6_Seater_Feedback_Field_arePresent_341" time="2.789" classname="com.InfoCabs.testcases.Book_6_Seater_TestCases_321_343"/>
  <testcase name="Test_Book_6_Seater_SubmitFeedback_ButtonAndText_342" time="4.239" classname="com.InfoCabs.testcases.Book_6_Seater_TestCases_321_343"/>
  <testcase name="Test_Book_6_Seater_with_PromoCode_EnterDropofAddress_Cab_344" time="11.942" classname="com.InfoCabs.testcases.Book_6_Seater_with_PromoCode_TestCases_244_378"/>
  <testcase name="Test_Book_6_Seater_with_PromoCode_ClickOnBookNow_Button_Cab_345" time="10.009" classname="com.InfoCabs.testcases.Book_6_Seater_with_PromoCode_TestCases_244_378"/>
  <testcase name="Test_Book_6_Seater_with_PromoCode_6_Seater_Text_arePresent_346" time="2.197" classname="com.InfoCabs.testcases.Book_6_Seater_with_PromoCode_TestCases_244_378"/>
  <testcase name="Test_Book_6_Seater_with_PromoCode_ClickOnBookNow_Button_Cab_347" time="9.6" classname="com.InfoCabs.testcases.Book_6_Seater_with_PromoCode_TestCases_244_378"/>
  <testcase name="Test_Book_6_Seater_With_PrmoCode_ClickOn_AddPrmoCode_Button_Cab_348" time="4.489" classname="com.InfoCabs.testcases.Book_6_Seater_with_PromoCode_TestCases_244_378"/>
  <testcase name="Test_Book_6_Seater_with_PromoCode_CrossButton_is_present_349" time="2.255" classname="com.InfoCabs.testcases.Book_6_Seater_with_PromoCode_TestCases_244_378"/>
  <testcase name="Test_Book_6_Seater_with_PromoCode_EnterPromoCode_Text_arePresent_350" time="2.141" classname="com.InfoCabs.testcases.Book_6_Seater_with_PromoCode_TestCases_244_378"/>
  <testcase name="Test_Book_6_Seater_with_PromoCode_EnterPromoCode_Text_arePresent_351" time="2.279" classname="com.InfoCabs.testcases.Book_6_Seater_with_PromoCode_TestCases_244_378"/>
  <testcase name="Test_Book_6_Seater_with_PromoCode_EnterPrmocodeFirst_Validation_Text_arePresent_352" time="2.134" classname="com.InfoCabs.testcases.Book_6_Seater_with_PromoCode_TestCases_244_378"/>
  <testcase name="Test_Book_6_Seater_with_PromoCode_Enter_InvalidPromocode_chk_Validation_353" time="8.387" classname="com.InfoCabs.testcases.Book_6_Seater_with_PromoCode_TestCases_244_378"/>
  <testcase name="Test_Book_6_Seater_with_PromoCode_InvalidPromoCode_Validation_Text_arePresent_354" time="2.146" classname="com.InfoCabs.testcases.Book_6_Seater_with_PromoCode_TestCases_244_378"/>
  <testcase name="Test_Book_6_Seater_with_PromoCode_Enter_validPromocode_chk_Validation_355" time="5.891" classname="com.InfoCabs.testcases.Book_6_Seater_with_PromoCode_TestCases_244_378"/>
  <testcase name="Test_BBook_6_Seater_with_PromoCode_validPromoCode_Validation_Text_arePresent_356" time="2.124" classname="com.InfoCabs.testcases.Book_6_Seater_with_PromoCode_TestCases_244_378"/>
  <testcase name="Test_Book_6_Seater_with_PromoCode_SuccessMessage_Code_357" time="2.387" classname="com.InfoCabs.testcases.Book_6_Seater_with_PromoCode_TestCases_244_378"/>
  <testcase name="Test_Book_6_Seater_with_PromoCode_PromoCode_Text_Validation_358" time="2.17" classname="com.InfoCabs.testcases.Book_6_Seater_with_PromoCode_TestCases_244_378"/>
  <testcase name="Test_Book_6_Seater_with_PromoCode_Without_Discount_Price_359" time="2.157" classname="com.InfoCabs.testcases.Book_6_Seater_with_PromoCode_TestCases_244_378"/>
  <testcase name="Test_Book_6_Seater_with_PromoCode_With_DiscountPrice_360" time="2.163" classname="com.InfoCabs.testcases.Book_6_Seater_with_PromoCode_TestCases_244_378"/>
  <testcase name="Test_Book_6_Seater_with_PromoCode_ClickOnBookConfirmButton_361" time="9.643" classname="com.InfoCabs.testcases.Book_6_Seater_with_PromoCode_TestCases_244_378"/>
  <testcase name="Test_Book_6_Seater_with_PromoCode_Push_CustomerApp_toBackground_and_start_RiderApp_362" time="10.65" classname="com.InfoCabs.testcases.Book_6_Seater_with_PromoCode_TestCases_244_378"/>
  <testcase name="Test_Book_6_Seater_with_PromoCode_AcceptCustomer_ride_364" time="9.872" classname="com.InfoCabs.testcases.Book_6_Seater_with_PromoCode_TestCases_244_378"/>
  <testcase name="Test_Book_6_Seater_with_PromoCode_Push_Rider_toBackground_and_start_CustomerApp_365" time="19.562" classname="com.InfoCabs.testcases.Book_6_Seater_with_PromoCode_TestCases_244_378"/>
  <testcase name="Test_Book_6_Seater_with_PromoCode_weHave_Sent_Text_arePresent_366" time="17.937" classname="com.InfoCabs.testcases.Book_6_Seater_with_PromoCode_TestCases_244_378"/>
  <testcase name="Test_Book_6_Seater_with_PromoCode_Push_CustomerApp_toBackground_and_start_RiderApp_367" time="13.573" classname="com.InfoCabs.testcases.Book_6_Seater_with_PromoCode_TestCases_244_378"/>
  <testcase name="Test_BBook_6_Seater_with_PromoCode_ClickOnWait_ride_368" time="4.833" classname="com.InfoCabs.testcases.Book_6_Seater_with_PromoCode_TestCases_244_378"/>
  <testcase name="Test_Book_6_Seater_with_PromoCode_ClickOnPOB_Button_ride_369" time="4.412" classname="com.InfoCabs.testcases.Book_6_Seater_with_PromoCode_TestCases_244_378"/>
  <testcase name="Test_Book_6_Seater_with_PromoCode_Push_Rider_toBackground_and_start_CustomerApp_371" time="19.637" classname="com.InfoCabs.testcases.Book_6_Seater_with_PromoCode_TestCases_244_378"/>
  <testcase name="Test_Book_SaloonWith_PrmoCode_You_arein_yourway_Text_arePresent_371" time="12.572" classname="com.InfoCabs.testcases.Book_6_Seater_with_PromoCode_TestCases_244_378"/>
  <testcase name="Test_Book_6_Seater_with_PromoCode_CS_App_Push_CustomerApp_toBackground_and_start_RiderApp_372" time="9.513" classname="com.InfoCabs.testcases.Book_6_Seater_with_PromoCode_TestCases_244_378"/>
  <testcase name="Test_Book_6_Seater_with_PromoCode_ClickOnSTC_ride_373" time="5.161" classname="com.InfoCabs.testcases.Book_6_Seater_with_PromoCode_TestCases_244_378"/>
  <testcase name="Test_SBook_6_Seater_with_PromoCode_ClickOn_Clear_ride_374" time="5.086" classname="com.InfoCabs.testcases.Book_6_Seater_with_PromoCode_TestCases_244_378"/>
  <testcase name="Test_Book_6_Seater_with_PromoCode_Push_Rider_toBackground_and_start_CustomerApp_375" time="6.973" classname="com.InfoCabs.testcases.Book_6_Seater_with_PromoCode_TestCases_244_378"/>
  <testcase name="Test_Book_6_Seater_with_PromoCode_Rate_your_ride_Text_arePresent_376" time="2.257" classname="com.InfoCabs.testcases.Book_6_Seater_with_PromoCode_TestCases_244_378"/>
  <testcase name="Test_Book_6_Seater_with_PromoCode_Feedback_Field_arePresent_377" time="2.809" classname="com.InfoCabs.testcases.Book_6_Seater_with_PromoCode_TestCases_244_378"/>
  <testcase name="Test_Book_6_Seater_with_PromoCode_SubmitFeedback_ButtonAndText_378" time="4.319" classname="com.InfoCabs.testcases.Book_6_Seater_with_PromoCode_TestCases_244_378"/>
  <testcase name="Test_Book_6_Seater_With_CreditCards_EnterDropofAddress_Cab_379" time="11.646" classname="com.InfoCabs.testcases.Book_6_Seater_With_CreditCards_TestCases_379_401"/>
  <testcase name="Test_Book_6_Seater_With_CreditCards_ClickOnBookNow_Button_Cab_380" time="9.969" classname="com.InfoCabs.testcases.Book_6_Seater_With_CreditCards_TestCases_379_401"/>
  <testcase name="Test_BBook_6_Seater_With_CreditCards_6_Seater_Text_arePresent_381" time="2.179" classname="com.InfoCabs.testcases.Book_6_Seater_With_CreditCards_TestCases_379_401"/>
  <testcase name="Test_Book_6_Seater_With_CreditCards_ClickOnBookNow_Button_Cab_382" time="9.614" classname="com.InfoCabs.testcases.Book_6_Seater_With_CreditCards_TestCases_379_401"/>
  <testcase name="Test_Book_6_Seater_With_CreditCards_Select_Cash_FromDrop_383" time="13.197" classname="com.InfoCabs.testcases.Book_6_Seater_With_CreditCards_TestCases_379_401"/>
  <testcase name="Test_Book_6_Seater_With_CreditCards_ClickOnBookConfirmButton_384" time="9.656" classname="com.InfoCabs.testcases.Book_6_Seater_With_CreditCards_TestCases_379_401"/>
  <testcase name="Test_Book_6_Seater_With_CreditCards_Push_CustomerApp_toBackground_and_start_RiderApp_385" time="7.722" classname="com.InfoCabs.testcases.Book_6_Seater_With_CreditCards_TestCases_379_401"/>
  <testcase name="Test_Book_6_Seater_With_CreditCards_AcceptCustomer_ride_387" time="8.526" classname="com.InfoCabs.testcases.Book_6_Seater_With_CreditCards_TestCases_379_401"/>
  <testcase name="Test_Book_6_Seater_With_CreditCards_Push_Rider_toBackground_and_start_CustomerApp_387" time="17.74" classname="com.InfoCabs.testcases.Book_6_Seater_With_CreditCards_TestCases_379_401"/>
  <testcase name="Test_BBook_6_Seater_With_CreditCards_weHave_Sent_Text_arePresent_388" time="17.181" classname="com.InfoCabs.testcases.Book_6_Seater_With_CreditCards_TestCases_379_401"/>
  <testcase name="Test_Book_6_Seater_With_CreditCards_Push_CustomerApp_toBackground_and_start_RiderApp_389" time="13.62" classname="com.InfoCabs.testcases.Book_6_Seater_With_CreditCards_TestCases_379_401"/>
  <testcase name="Test_Book_6_Seater_With_CreditCards_ClickOnWait_ride_390" time="4.547" classname="com.InfoCabs.testcases.Book_6_Seater_With_CreditCards_TestCases_379_401"/>
  <testcase name="Test_Book_6_Seater_With_CreditCards_ClickOnPOB_Button_ride_391" time="4.311" classname="com.InfoCabs.testcases.Book_6_Seater_With_CreditCards_TestCases_379_401"/>
  <testcase name="Test_Book_6_Seater_With_CreditCards_Push_Rider_toBackground_and_start_CustomerApp_392" time="17.69" classname="com.InfoCabs.testcases.Book_6_Seater_With_CreditCards_TestCases_379_401"/>
  <testcase name="Test_Book_6_Seater_With_CreditCards_You_arein_yourway_Text_arePresent_393" time="22.159" classname="com.InfoCabs.testcases.Book_6_Seater_With_CreditCards_TestCases_379_401"/>
  <testcase name="Test_Book_6_Seater_With_CreditCards_CS_App_Push_CustomerApp_toBackground_and_start_RiderApp_394" time="9.529" classname="com.InfoCabs.testcases.Book_6_Seater_With_CreditCards_TestCases_379_401"/>
  <testcase name="Test_Book_6_Seater_With_CreditCards_ClickOnSTC_ride_395" time="4.486" classname="com.InfoCabs.testcases.Book_6_Seater_With_CreditCards_TestCases_379_401"/>
  <testcase name="Test_Book_6_Seater_With_CreditCards_ClickOn_Clear_ride_396" time="4.296" classname="com.InfoCabs.testcases.Book_6_Seater_With_CreditCards_TestCases_379_401"/>
  <testcase name="Test_Book_6_Seater_With_CreditCards_Rider_toBackground_and_start_CustomerApp_397" time="6.994" classname="com.InfoCabs.testcases.Book_6_Seater_With_CreditCards_TestCases_379_401"/>
  <testcase name="Test_Book_6_Seater_With_CreditCards_Rate_your_ride_Text_arePresent_398" time="2.27" classname="com.InfoCabs.testcases.Book_6_Seater_With_CreditCards_TestCases_379_401"/>
  <testcase name="Test_Book_6_Seater_With_CreditCards_Feedback_Field_arePresent_399" time="2.717" classname="com.InfoCabs.testcases.Book_6_Seater_With_CreditCards_TestCases_379_401"/>
  <testcase name="Test_Book_6_Seater_With_CreditCards_SubmitFeedback_ButtonAndText_400" time="4.249" classname="com.InfoCabs.testcases.Book_6_Seater_With_CreditCards_TestCases_379_401"/>
  <testcase name="Test_Schedule_6_Seater_Cab_ClickOn_ScheduleRide_Button_401" time="11.262" classname="com.InfoCabs.testcases.Schedule_6_Seater_Cab_TestCases_401_439"/>
  <testcase name="Test_Schedule_6_Seater_Cab_Pick_Cale_Image_is_present_403" time="2.325" classname="com.InfoCabs.testcases.Schedule_6_Seater_Cab_TestCases_401_439"/>
  <testcase name="Test_Schedule_6_Seater_Cab_Pick_Time_Image_is_present_403" time="2.287" classname="com.InfoCabs.testcases.Schedule_6_Seater_Cab_TestCases_401_439"/>
  <testcase name="Test_Schedule_6_Seater_Cab_EnterDropofAddress_Cab_404" time="10.955" classname="com.InfoCabs.testcases.Schedule_6_Seater_Cab_TestCases_401_439"/>
  <testcase name="Test_Schedule_6_Seater_Cab_ClickOn_PickUp_Date_Button_405" time="2.329" classname="com.InfoCabs.testcases.Schedule_6_Seater_Cab_TestCases_401_439"/>
  <testcase name="Test_Schedule_6_Seater_Cab_Pick_Cale_CurrentYear_is_present_406" time="2.446" classname="com.InfoCabs.testcases.Schedule_6_Seater_Cab_TestCases_401_439"/>
  <testcase name="Test_Schedule_6_Seater_Cab_Pick_Cale_CurrentDate_is_present_407" time="2.328" classname="com.InfoCabs.testcases.Schedule_6_Seater_Cab_TestCases_401_439"/>
  <testcase name="Test_Schedule_6_Seater_Cab_ClickOn_Cale_Cancel_Button_408" time="2.915" classname="com.InfoCabs.testcases.Schedule_6_Seater_Cab_TestCases_401_439"/>
  <testcase name="Test_Schedule_6_Seater_Cab_ClickOn_PickUp_Date_On2ndTime_Button_409" time="5.344" classname="com.InfoCabs.testcases.Schedule_6_Seater_Cab_TestCases_401_439"/>
  <testcase name="Test_Schedule_6_Seater_Cab_ClickOn_Cale_OK_Button_410" time="5.898" classname="com.InfoCabs.testcases.Schedule_6_Seater_Cab_TestCases_401_439"/>
  <testcase name="Test_Schedule_6_Seater_Cab_ClickOn_Time_Cancel_Button_411" time="2.28" classname="com.InfoCabs.testcases.Schedule_6_Seater_Cab_TestCases_401_439"/>
  <testcase name="Test_Schedule_6_Seater_Cab_Check_PickUpDate_are_Selected_412" time="2.29" classname="com.InfoCabs.testcases.Schedule_6_Seater_Cab_TestCases_401_439"/>
  <testcase name="Test_Schedule_6_Seater_Cab_ClickOn_PickUp_Time_Button_413" time="5.343" classname="com.InfoCabs.testcases.Schedule_6_Seater_Cab_TestCases_401_439"/>
  <testcase name="Test_Schedule_6_Seater_Cab_Check_TimeDisplay_arePresent_414" time="2.294" classname="com.InfoCabs.testcases.Schedule_6_Seater_Cab_TestCases_401_439"/>
  <testcase name="Test_Schedule_6_Seater_Cab_check_30minuts_AdvanceTime_415" time="2.14" classname="com.InfoCabs.testcases.Schedule_6_Seater_Cab_TestCases_401_439"/>
  <testcase name="Test_Schedule_6_Seater_Cab_ClickOn_Time_Cancel_Button_416" time="2.309" classname="com.InfoCabs.testcases.Schedule_6_Seater_Cab_TestCases_401_439"/>
  <testcase name="Test_Schedule_6_Seater_Cab_ClickOn_PickUp_Time_On2nd_Time_Button_417" time="5.343" classname="com.InfoCabs.testcases.Schedule_6_Seater_Cab_TestCases_401_439"/>
  <testcase name="Test_Schedule_6_Seater_Cab_ClickOn_Time_OK_Button_418" time="5.669" classname="com.InfoCabs.testcases.Schedule_6_Seater_Cab_TestCases_401_439"/>
  <testcase name="Test_Schedule_6_Seater_Cab_Check_Time_areSelected_419" time="2.344" classname="com.InfoCabs.testcases.Schedule_6_Seater_Cab_TestCases_401_439"/>
  <testcase name="Test_Schedule_6_Seater_Cab_SwipeTo_6Seater_420" time="10.096" classname="com.InfoCabs.testcases.Schedule_6_Seater_Cab_TestCases_401_439"/>
  <testcase name="Test_Schedule_6_Seater_Cab_6_Seater_Text_arePresent_421" time="2.201" classname="com.InfoCabs.testcases.Schedule_6_Seater_Cab_TestCases_401_439"/>
  <testcase name="Test_Schedule_6_Seater_Cab_ClickOnBookNow_Button_Cab_422" time="9.595" classname="com.InfoCabs.testcases.Schedule_6_Seater_Cab_TestCases_401_439"/>
  <testcase name="Test_Schedule_6_Seater_Cab_Check_Time_and_Date_areSelected_423" time="29.923" classname="com.InfoCabs.testcases.Schedule_6_Seater_Cab_TestCases_401_439"/>
  <testcase name="Test_Schedule_6_Seater_Cab_ClickOnBookConfirmButton_424" time="9.598" classname="com.InfoCabs.testcases.Schedule_6_Seater_Cab_TestCases_401_439"/>
  <testcase name="Test_Schedule_6_Seater_Cab_Check_Schedule_Screen_image_Tick_Icon_425" time="2.603" classname="com.InfoCabs.testcases.Schedule_6_Seater_Cab_TestCases_401_439"/>
  <testcase name="Test_Schedule_6_Seater_Cab_check_Your_Ride_ScheduleText_426" time="2.155" classname="com.InfoCabs.testcases.Schedule_6_Seater_Cab_TestCases_401_439"/>
  <testcase name="Test_Schedule_6_Seater_Cab_Check_Schedule_Screen_Time_are_Selected_427" time="2.246" classname="com.InfoCabs.testcases.Schedule_6_Seater_Cab_TestCases_401_439"/>
  <testcase name="Test_Schedule_Saloon_Ride_check_View_Your_Text_428" time="2.769" classname="com.InfoCabs.testcases.Schedule_6_Seater_Cab_TestCases_401_439"/>
  <testcase name="Test_Schedule_6_Seater_Cab_ClickOn_Done_Button_429" time="5.287" classname="com.InfoCabs.testcases.Schedule_6_Seater_Cab_TestCases_401_439"/>
  <testcase name="Test_Schedule_6_Seater_Cab_ClickOn_SideMenu_Button_430" time="11.321" classname="com.InfoCabs.testcases.Schedule_6_Seater_Cab_TestCases_401_439"/>
  <testcase name="Test_Schedule_6_Seater_Cab_ClickOn_SideMenu__MyTrips_Button_431" time="9.755" classname="com.InfoCabs.testcases.Schedule_6_Seater_Cab_TestCases_401_439"/>
  <testcase name="Test_Schedule_6_Seater_Cab_check_MyTrips_Text_432" time="2.164" classname="com.InfoCabs.testcases.Schedule_6_Seater_Cab_TestCases_401_439"/>
  <testcase name="Test_Schedule_Saloon_Ride_ClickOn_Done_Button_433" time="5.703" classname="com.InfoCabs.testcases.Schedule_6_Seater_Cab_TestCases_401_439"/>
  <testcase name="Test_Schedule_6_Seater_Cab_Check_UpComingRide_PickUp_Icon_434" time="2.321" classname="com.InfoCabs.testcases.Schedule_6_Seater_Cab_TestCases_401_439"/>
  <testcase name="Test_Schedule_6_Seater_Cab_Check_UpComingRide_DropOff_Icon_435" time="2.301" classname="com.InfoCabs.testcases.Schedule_6_Seater_Cab_TestCases_401_439"/>
  <testcase name="Test_Schedule_6_Seater_Cab_Check_UpComingRide_PickUp_Address_436" time="2.228" classname="com.InfoCabs.testcases.Schedule_6_Seater_Cab_TestCases_401_439"/>
  <testcase name="Test_Schedule_6_Seater_Cab_Check_UpComingRide_Dropoff_Address_437" time="2.282" classname="com.InfoCabs.testcases.Schedule_6_Seater_Cab_TestCases_401_439"/>
  <testcase name="Test_Schedule_6_Seater_Cab_Check_UpComingRide_PickUp_Time_438" time="2.298" classname="com.InfoCabs.testcases.Schedule_6_Seater_Cab_TestCases_401_439"/>
  <testcase name="Test_Schedule_6_Seater_Cab_ClickOn_Cancel_Button_439" time="11.63" classname="com.InfoCabs.testcases.Schedule_6_Seater_Cab_TestCases_401_439"/>
  <testcase name="@BeforeTest setup" time="0.0" classname="com.InfoCabs.common.TestBase">
    <ignored/>
  </testcase> <!-- @BeforeTest setup -->
  <testcase name="@BeforeTest setup" time="0.0" classname="com.InfoCabs.common.TestBase">
    <ignored/>
  </testcase> <!-- @BeforeTest setup -->
  <testcase name="@BeforeTest setup" time="0.0" classname="com.InfoCabs.common.TestBase">
    <ignored/>
  </testcase> <!-- @BeforeTest setup -->
  <testcase name="@BeforeTest setup" time="0.0" classname="com.InfoCabs.common.TestBase">
    <ignored/>
  </testcase> <!-- @BeforeTest setup -->
  <testcase name="@AfterTest teardown" time="0.0" classname="com.InfoCabs.common.TestBase">
    <ignored/>
  </testcase> <!-- @AfterTest teardown -->
  <testcase name="@AfterTest teardown" time="0.0" classname="com.InfoCabs.common.TestBase">
    <ignored/>
  </testcase> <!-- @AfterTest teardown -->
  <testcase name="@AfterTest teardown" time="0.0" classname="com.InfoCabs.common.TestBase">
    <ignored/>
  </testcase> <!-- @AfterTest teardown -->
  <testcase name="@AfterTest teardown" time="0.0" classname="com.InfoCabs.common.TestBase">
    <ignored/>
  </testcase> <!-- @AfterTest teardown -->
</testsuite> <!-- InfoCabSnapperApp.com -->
