<?xml version="1.0" encoding="UTF-8"?>
<!-- Generated by org.testng.reporters.JUnitXMLReporter -->
<testsuite hostname="DESKTOP-CSMSJ8J" ignored="18" name="InfoCabSnapperApp.com" tests="104" failures="0" timestamp="2021-01-07T22:01:27 PKT" time="511.516" errors="0">
  <testcase name="Test_LoginPage_Allow_user_to_LoginWith_valid_credential_21" time="13.165" classname="com.InfoCabs.testcases.Side_Menu_elements_verification_TestCases_568_576"/>
  <testcase name="Test_Side_Menu_elements_verification_OpenSide_menu_568" time="2.55" classname="com.InfoCabs.testcases.Side_Menu_elements_verification_TestCases_568_576"/>
  <testcase name="Test_Side_Menu_elements_verification_check_Logo_is_present_569" time="2.389" classname="com.InfoCabs.testcases.Side_Menu_elements_verification_TestCases_568_576"/>
  <testcase name="Test_Side_Menu_elements_verification_check_Dashboard_is_present_570" time="3.952" classname="com.InfoCabs.testcases.Side_Menu_elements_verification_TestCases_568_576"/>
  <testcase name="Test_Side_Menu_elements_verification_check_MyProfile_is_present_571" time="2.388" classname="com.InfoCabs.testcases.Side_Menu_elements_verification_TestCases_568_576"/>
  <testcase name="Test_Side_Menu_elements_verification_check_PaymentMethods_is_present_572" time="2.272" classname="com.InfoCabs.testcases.Side_Menu_elements_verification_TestCases_568_576"/>
  <testcase name="Test_Side_Menu_elements_verification_check_MyTrips_is_present_573" time="2.255" classname="com.InfoCabs.testcases.Side_Menu_elements_verification_TestCases_568_576"/>
  <testcase name="Test_Side_Menu_elements_verification_check_AboutUs_is_present_574" time="2.243" classname="com.InfoCabs.testcases.Side_Menu_elements_verification_TestCases_568_576"/>
  <testcase name="Test_Side_Menu_elements_verification_check_Share_is_present_575" time="2.253" classname="com.InfoCabs.testcases.Side_Menu_elements_verification_TestCases_568_576"/>
  <testcase name="Test_Side_Menu_elements_verification_check_Logout_is_present_576" time="2.263" classname="com.InfoCabs.testcases.Side_Menu_elements_verification_TestCases_568_576"/>
  <testcase name="Test_MyProfile_SideMenue_verification_Section_are_Opened_577" time="2.494" classname="com.InfoCabs.testcases.MyProfile_SideMenue_verification_TestCases_577_587"/>
  <testcase name="Test_MyProfile_SideMenue_verification_check_BackButton_is_present_578" time="2.367" classname="com.InfoCabs.testcases.MyProfile_SideMenue_verification_TestCases_577_587"/>
  <testcase name="Test_MyProfile_SideMenue_verification_arrwo_button_closed_sidemenu_579" time="2.486" classname="com.InfoCabs.testcases.MyProfile_SideMenue_verification_TestCases_577_587"/>
  <testcase name="Test_MyProfile_SideMenue_verification_are_opened_again_580" time="4.776" classname="com.InfoCabs.testcases.MyProfile_SideMenue_verification_TestCases_577_587"/>
  <testcase name="Test_MyProfile_SideMenue_verification_check_MyProfile_is_present_581" time="2.306" classname="com.InfoCabs.testcases.MyProfile_SideMenue_verification_TestCases_577_587"/>
  <testcase name="Test_MyProfile_SideMenue_verification_check_Profileimage_is_present_582" time="2.359" classname="com.InfoCabs.testcases.MyProfile_SideMenue_verification_TestCases_577_587"/>
  <testcase name="Test_MyProfile_SideMenue_verification_check_Username_text_is_present_583" time="2.166" classname="com.InfoCabs.testcases.MyProfile_SideMenue_verification_TestCases_577_587"/>
  <testcase name="Test_MyProfile_SideMenue_verification_check_ChangePwd_text_is_present_584" time="2.257" classname="com.InfoCabs.testcases.MyProfile_SideMenue_verification_TestCases_577_587"/>
  <testcase name="Test_MyProfile_SideMenue_verification_check_LogOut_text_is_present_585" time="2.262" classname="com.InfoCabs.testcases.MyProfile_SideMenue_verification_TestCases_577_587"/>
  <testcase name="Test_MyProfile_SideMenue_verification_check_ChangePwdwithIcon_is_present_586" time="2.381" classname="com.InfoCabs.testcases.MyProfile_SideMenue_verification_TestCases_577_587"/>
  <testcase name="Test_MyProfile_SideMenue_verification_check_logout_is_present_587" time="2.359" classname="com.InfoCabs.testcases.MyProfile_SideMenue_verification_TestCases_577_587"/>
  <testcase name="Test_MyProfile_SideMenue_verification_check_ClickOn_LogOutButton_588" time="5.328" classname="com.InfoCabs.testcases.MyProfile_SideMenue_verification_TestCases_577_587"/>
  <testcase name="Test_MyProfile_SideMenue_verification_check_Do_youwant_Logout_Text_589" time="2.137" classname="com.InfoCabs.testcases.MyProfile_SideMenue_verification_TestCases_577_587"/>
  <testcase name="Test_MyProfile_SideMenue_verification_check_Yes_ill_ComeBack_Text_590" time="2.144" classname="com.InfoCabs.testcases.MyProfile_SideMenue_verification_TestCases_577_587"/>
  <testcase name="Test_MyProfile_SideMenue_verification_check_No_Keep_me_Login_Text_591" time="7.255" classname="com.InfoCabs.testcases.MyProfile_SideMenue_verification_TestCases_577_587"/>
  <testcase name="Test_Change_Password_Click_On_ChangePwd_Button_588" time="2.716" classname="com.InfoCabs.testcases.Change_Password_TestCases_588_610"/>
  <testcase name="Test_Change_Password_Click_On_Cross_Button_Icon_589" time="6.075" classname="com.InfoCabs.testcases.Change_Password_TestCases_588_610"/>
  <testcase name="Test_Change_Password_check_Change_Password_is_present_590" time="3.47" classname="com.InfoCabs.testcases.Change_Password_TestCases_588_610"/>
  <testcase name="Test_Change_Password_check_Current_Password_is_present_591" time="2.417" classname="com.InfoCabs.testcases.Change_Password_TestCases_588_610"/>
  <testcase name="Test_Change_Password_check_New_Password_is_present_592" time="2.377" classname="com.InfoCabs.testcases.Change_Password_TestCases_588_610"/>
  <testcase name="Test_Change_Password_check_Confirm_Password_is_present_593" time="2.377" classname="com.InfoCabs.testcases.Change_Password_TestCases_588_610"/>
  <testcase name="Test_Change_Password_check_Change_Password_is_present_594" time="2.405" classname="com.InfoCabs.testcases.Change_Password_TestCases_588_610"/>
  <testcase name="Test_Change_Password_To_Click_On_ChangePwdButton_without_Entering_Pwd_595" time="1.34" classname="com.InfoCabs.testcases.Change_Password_TestCases_588_610"/>
  <testcase name="Test_Change_Password_To_Click_On_ChangePwdButton_to_check_Minimum_Validation_596" time="8.421" classname="com.InfoCabs.testcases.Change_Password_TestCases_588_610"/>
  <testcase name="Test_Change_Password_To_Click_On_ChangePwdButton_to_check_IncorrectPWD_Validation_597" time="18.335" classname="com.InfoCabs.testcases.Change_Password_TestCases_588_610"/>
  <testcase name="Test_Change_Password_To_Click_On_ChangePwdButton_to_check_Same_PWD_Validation_598" time="8.844" classname="com.InfoCabs.testcases.Change_Password_TestCases_588_610"/>
  <testcase name="Test_Change_Password_Clear_New_and_ConfirmPWD_599" time="4.648" classname="com.InfoCabs.testcases.Change_Password_TestCases_588_610"/>
  <testcase name="Test_Change_Password_To_Click_On_ChangePwdButton_to_check_NewPwd_requiredMsg_600" time="5.293" classname="com.InfoCabs.testcases.Change_Password_TestCases_588_610"/>
  <testcase name="Test_Change_Password_To_Click_On_ChangePwdButton_to_check_Newpwd_Minimum_Validation_601" time="8.363" classname="com.InfoCabs.testcases.Change_Password_TestCases_588_610"/>
  <testcase name="Test_Change_Password_To_Click_On_ChangePwdButton_to_check_Confirmpwd_Minimum_Validation_602" time="7.898" classname="com.InfoCabs.testcases.Change_Password_TestCases_588_610"/>
  <testcase name="Test_Change_Password_To_Click_On_ChangePwdButton_to_check_ConfirmPwd_requiredMsg_603" time="0.837" classname="com.InfoCabs.testcases.Change_Password_TestCases_588_610"/>
  <testcase name="Test_Change_Password_To_Click_On_ChangePwdButton_to_check_Confirmpwd_Notmached_Validation_604" time="3.865" classname="com.InfoCabs.testcases.Change_Password_TestCases_588_610"/>
  <testcase name="Test_Change_Password_Clear_New_and_ConfirmPWD_On2nd_time_605" time="4.59" classname="com.InfoCabs.testcases.Change_Password_TestCases_588_610"/>
  <testcase name="Test_Change_Password_To_Click_On_ChangePwdButton_to_ChangePWD_606" time="7.805" classname="com.InfoCabs.testcases.Change_Password_TestCases_588_610"/>
  <testcase name="Test_Change_Password_Go_Back_to_HomeScreen_and_Logout_607" time="16.56" classname="com.InfoCabs.testcases.Change_Password_TestCases_588_610"/>
  <testcase name="Test__Change_Password_Allow_user_to_LoginWith_ChangePWD_608" time="13.155" classname="com.InfoCabs.testcases.Change_Password_TestCases_588_610"/>
  <testcase name="Test_Change_Password_Go_Back_ChangePWD_page_609" time="5.089" classname="com.InfoCabs.testcases.Change_Password_TestCases_588_610"/>
  <testcase name="Test_Change_Password_Change_PWD_again_to_Orignal_610" time="32.242" classname="com.InfoCabs.testcases.Change_Password_TestCases_588_610"/>
  <testcase name="Test_Add_PaymentsMethods_are_sections_611" time="4.075" classname="com.InfoCabs.testcases.Add_PaymentsMethods_TestCases_611_622"/>
  <testcase name="Test_Add_PaymentsMethods_check_PaymentMethods_is_present_611" time="2.544" classname="com.InfoCabs.testcases.Add_PaymentsMethods_TestCases_611_622"/>
  <testcase name="Test_Add_PaymentsMethods_check_BackButton_is_present_612" time="2.357" classname="com.InfoCabs.testcases.Add_PaymentsMethods_TestCases_611_622"/>
  <testcase name="Test_Add_PaymentsMethods_check_CardContainer_is_present_613" time="2.352" classname="com.InfoCabs.testcases.Add_PaymentsMethods_TestCases_611_622"/>
  <testcase name="Test_Add_PaymentsMethods_check_CardIcon_is_present_614" time="2.35" classname="com.InfoCabs.testcases.Add_PaymentsMethods_TestCases_611_622"/>
  <testcase name="Test_Add_PaymentsMethods_check_Cash_text_is_present_615" time="2.159" classname="com.InfoCabs.testcases.Add_PaymentsMethods_TestCases_611_622"/>
  <testcase name="Test_Add_PaymentsMethods_check_Add_PaymentMethods_Button_is_present_616" time="2.311" classname="com.InfoCabs.testcases.Add_PaymentsMethods_TestCases_611_622"/>
  <testcase name="Test_Add_PaymentsMethods_CrossButton_is_Working_617" time="3.963" classname="com.InfoCabs.testcases.Add_PaymentsMethods_TestCases_611_622"/>
  <testcase name="Test_Add_PaymentsMethods_check_Add_PaymentMethods_text_is_present_618" time="2.136" classname="com.InfoCabs.testcases.Add_PaymentsMethods_TestCases_611_622"/>
  <testcase name="Test_Add_PaymentsMethods_check_CardDetails_field_is_present_619" time="2.374" classname="com.InfoCabs.testcases.Add_PaymentsMethods_TestCases_611_622"/>
  <testcase name="Test_Add_PaymentsMethods_check_Add_CreditCard_text_is_present_620" time="2.13" classname="com.InfoCabs.testcases.Add_PaymentsMethods_TestCases_611_622"/>
  <testcase name="Test_Add_PaymentsMethods_check_PostPayDetails_field_is_present_621" time="2.358" classname="com.InfoCabs.testcases.Add_PaymentsMethods_TestCases_611_622"/>
  <testcase name="Test_Add_PaymentsMethods_check_Add_PostPay_text_is_present_622" time="2.127" classname="com.InfoCabs.testcases.Add_PaymentsMethods_TestCases_611_622"/>
  <testcase name="Test_Add_CreditCards_Click_to_Open_CardMenu_623" time="2.559" classname="com.InfoCabs.testcases.Add_CreditCards_TestCases_623_639"/>
  <testcase name="Test_Add_CreditCards_Click_to_Cross_Button_624" time="2.53" classname="com.InfoCabs.testcases.Add_CreditCards_TestCases_623_639"/>
  <testcase name="Test_Add_CreditCards_Again_Back_to_CreditCardPage_625" time="4.062" classname="com.InfoCabs.testcases.Add_CreditCards_TestCases_623_639"/>
  <testcase name="Test_Add_CreditCards_AddCreditCards_text_626" time="2.364" classname="com.InfoCabs.testcases.Add_CreditCards_TestCases_623_639"/>
  <testcase name="Test_Add_CreditCards_CardHolder_text_627" time="2.352" classname="com.InfoCabs.testcases.Add_CreditCards_TestCases_623_639"/>
  <testcase name="Test_Add_CreditCards_Card_number_text_628" time="2.371" classname="com.InfoCabs.testcases.Add_CreditCards_TestCases_623_639"/>
  <testcase name="Test_Add_CreditCards_Expiry_text_629" time="2.368" classname="com.InfoCabs.testcases.Add_CreditCards_TestCases_623_639"/>
  <testcase name="Test_Add_CreditCards_Expiry_text_630" time="2.332" classname="com.InfoCabs.testcases.Add_CreditCards_TestCases_623_639"/>
  <testcase name="Test_Add_CreditCards_Expiry_text_631" time="2.357" classname="com.InfoCabs.testcases.Add_CreditCards_TestCases_623_639"/>
  <testcase name="Test_Add_CreditCards_Check_CardHoldername_errorMessage_632" time="5.382" classname="com.InfoCabs.testcases.Add_CreditCards_TestCases_623_639"/>
  <testcase name="Test_Add_CreditCards_EnterCreditCardname_633" time="4.123" classname="com.InfoCabs.testcases.Add_CreditCards_TestCases_623_639"/>
  <testcase name="Test__Add_CreditCards_EnterCreditCardnumber_check_Validation_634" time="6.279" classname="com.InfoCabs.testcases.Add_CreditCards_TestCases_623_639"/>
  <testcase name="Test__Add_CreditCards_EnterCreditCardnumber_check_for_Incorrect_Validation_635" time="13.617" classname="com.InfoCabs.testcases.Add_CreditCards_TestCases_623_639"/>
  <testcase name="Test_dd_CreditCards_Number_Expire_CVV_636" time="7.215" classname="com.InfoCabs.testcases.Add_CreditCards_TestCases_623_639"/>
  <testcase name="Test__Add_CreditCards_EnterCreditCardnumber_check_CVVValidation_637" time="4.458" classname="com.InfoCabs.testcases.Add_CreditCards_TestCases_623_639"/>
  <testcase name="Test__Add_CreditCards_check_CVValidation_message_638" time="7.687" classname="com.InfoCabs.testcases.Add_CreditCards_TestCases_623_639"/>
  <testcase name="Test__Add_CreditCards_EnterCVV_639" time="7.798" classname="com.InfoCabs.testcases.Add_CreditCards_TestCases_623_639"/>
  <testcase name="Test_Add_PostPay_Account_ClickTO_Open_Carddetails_640" time="3.546" classname="com.InfoCabs.testcases.Add_PostPay_Account_TestCases_640_651"/>
  <testcase name="Test_Add_PostPay_Account_check_CrossButton_is_present_641" time="2.345" classname="com.InfoCabs.testcases.Add_PostPay_Account_TestCases_640_651"/>
  <testcase name="Test_Add_PostPay_Account_AddPostPay_text_642" time="2.377" classname="com.InfoCabs.testcases.Add_PostPay_Account_TestCases_640_651"/>
  <testcase name="Test_Add_PostPay_Account_EnterPostPay_text_643" time="2.357" classname="com.InfoCabs.testcases.Add_PostPay_Account_TestCases_640_651"/>
  <testcase name="Test_Add_PostPay_Account_Email_Address_text_644" time="2.971" classname="com.InfoCabs.testcases.Add_PostPay_Account_TestCases_640_651"/>
  <testcase name="Test_Add_PostPay_Account_Password_Address_text_645" time="2.969" classname="com.InfoCabs.testcases.Add_PostPay_Account_TestCases_640_651"/>
  <testcase name="Test_Add_PostPay_Account_Add_Account_Button_646" time="2.544" classname="com.InfoCabs.testcases.Add_PostPay_Account_TestCases_640_651"/>
  <testcase name="Test_Add_PostPay_Account_ClickTo_DeletePostPay_account_647" time="4.063" classname="com.InfoCabs.testcases.Add_PostPay_Account_TestCases_640_651"/>
  <testcase name="Test_Add_PostPay_Account_AreYouSurewant_to_delete_text_648" time="2.354" classname="com.InfoCabs.testcases.Add_PostPay_Account_TestCases_640_651"/>
  <testcase name="Test_Add_PostPay_Account_YesDeleteCard_Text_and_Button_649" time="2.478" classname="com.InfoCabs.testcases.Add_PostPay_Account_TestCases_640_651"/>
  <testcase name="Test_Add_PostPay_Account_NoCancel_Text_and_Button_650" time="2.479" classname="com.InfoCabs.testcases.Add_PostPay_Account_TestCases_640_651"/>
  <testcase name="Test_Add_PostPay_GoBack_To_HomeScreen_651" time="8.18" classname="com.InfoCabs.testcases.Add_PostPay_Account_TestCases_640_651"/>
  <testcase name="Test_About_Us_Page_ClickTO_Open_About_Us_Page_652" time="4.039" classname="com.InfoCabs.testcases.About_Us_Page_TestCases_652_659"/>
  <testcase name="Test_About_Us_Page_check_BackButton_is_present_653" time="2.756" classname="com.InfoCabs.testcases.About_Us_Page_TestCases_652_659"/>
  <testcase name="Test_About_Us_Page_check_CompanyDescritption_text_is_present_654" time="2.123" classname="com.InfoCabs.testcases.About_Us_Page_TestCases_652_659"/>
  <testcase name="Test_About_Us_Page_check_CompanyMobile_Number_is_present_655" time="12.337" classname="com.InfoCabs.testcases.About_Us_Page_TestCases_652_659"/>
  <testcase name="Test_About_Us_Page_check_CompanyEmail_address_is_present_656" time="10.464" classname="com.InfoCabs.testcases.About_Us_Page_TestCases_652_659"/>
  <testcase name="Test_About_Us_Page_check_Company_Website_is_present_657" time="12.269" classname="com.InfoCabs.testcases.About_Us_Page_TestCases_652_659"/>
  <testcase name="Test_About_Us_Page_check_Company_Address_is_present_658" time="12.863" classname="com.InfoCabs.testcases.About_Us_Page_TestCases_652_659"/>
  <testcase name="Test_About_Us_Page_GoBack_To_HomeScreen_659" time="8.816" classname="com.InfoCabs.testcases.About_Us_Page_TestCases_652_659"/>
  <testcase name="Test_Share_Page_ClickTO_Open_Share_Page_660" time="4.108" classname="com.InfoCabs.testcases.Share_Page_TestCases_660_661"/>
  <testcase name="Test_Share_Page_check_ShareText_is_present_661" time="10.984" classname="com.InfoCabs.testcases.Share_Page_TestCases_660_661"/>
  <testcase name="Test_LogOut_Page_ClickTO_Open_Share_Page_662" time="4.029" classname="com.InfoCabs.testcases.LogOut_Page_TestCases_662_665"/>
  <testcase name="Test_LogOut_Page_check_Do_youwant_Logout_Text_663" time="2.116" classname="com.InfoCabs.testcases.LogOut_Page_TestCases_662_665"/>
  <testcase name="Test_LogOut_Page_check_Yes_ill_ComeBack_Text_664" time="2.131" classname="com.InfoCabs.testcases.LogOut_Page_TestCases_662_665"/>
  <testcase name="Test_LogOut_Page_check_No_Keep_me_Login_Text_665" time="7.233" classname="com.InfoCabs.testcases.LogOut_Page_TestCases_662_665"/>
  <testcase name="@BeforeTest setup" time="0.0" classname="com.InfoCabs.common.TestBase">
    <ignored/>
  </testcase> <!-- @BeforeTest setup -->
  <testcase name="@BeforeTest setup" time="0.0" classname="com.InfoCabs.common.TestBase">
    <ignored/>
  </testcase> <!-- @BeforeTest setup -->
  <testcase name="@BeforeTest setup" time="0.0" classname="com.InfoCabs.common.TestBase">
    <ignored/>
  </testcase> <!-- @BeforeTest setup -->
  <testcase name="@BeforeTest setup" time="0.0" classname="com.InfoCabs.common.TestBase">
    <ignored/>
  </testcase> <!-- @BeforeTest setup -->
  <testcase name="@BeforeTest setup" time="0.0" classname="com.InfoCabs.common.TestBase">
    <ignored/>
  </testcase> <!-- @BeforeTest setup -->
  <testcase name="@BeforeTest setup" time="0.0" classname="com.InfoCabs.common.TestBase">
    <ignored/>
  </testcase> <!-- @BeforeTest setup -->
  <testcase name="@BeforeTest setup" time="0.0" classname="com.InfoCabs.common.TestBase">
    <ignored/>
  </testcase> <!-- @BeforeTest setup -->
  <testcase name="@BeforeTest setup" time="0.0" classname="com.InfoCabs.common.TestBase">
    <ignored/>
  </testcase> <!-- @BeforeTest setup -->
  <testcase name="@BeforeTest setup" time="0.0" classname="com.InfoCabs.common.TestBase">
    <ignored/>
  </testcase> <!-- @BeforeTest setup -->
  <testcase name="@AfterTest teardown" time="0.0" classname="com.InfoCabs.common.TestBase">
    <ignored/>
  </testcase> <!-- @AfterTest teardown -->
  <testcase name="@AfterTest teardown" time="0.0" classname="com.InfoCabs.common.TestBase">
    <ignored/>
  </testcase> <!-- @AfterTest teardown -->
  <testcase name="@AfterTest teardown" time="0.0" classname="com.InfoCabs.common.TestBase">
    <ignored/>
  </testcase> <!-- @AfterTest teardown -->
  <testcase name="@AfterTest teardown" time="0.0" classname="com.InfoCabs.common.TestBase">
    <ignored/>
  </testcase> <!-- @AfterTest teardown -->
  <testcase name="@AfterTest teardown" time="0.0" classname="com.InfoCabs.common.TestBase">
    <ignored/>
  </testcase> <!-- @AfterTest teardown -->
  <testcase name="@AfterTest teardown" time="0.0" classname="com.InfoCabs.common.TestBase">
    <ignored/>
  </testcase> <!-- @AfterTest teardown -->
  <testcase name="@AfterTest teardown" time="0.0" classname="com.InfoCabs.common.TestBase">
    <ignored/>
  </testcase> <!-- @AfterTest teardown -->
  <testcase name="@AfterTest teardown" time="0.0" classname="com.InfoCabs.common.TestBase">
    <ignored/>
  </testcase> <!-- @AfterTest teardown -->
  <testcase name="@AfterTest teardown" time="0.0" classname="com.InfoCabs.common.TestBase">
    <ignored/>
  </testcase> <!-- @AfterTest teardown -->
</testsuite> <!-- InfoCabSnapperApp.com -->
